{
  "consumers" : [ {
    "id" : 0,
    "isBankrupt" : false,
    "budget" : 184
  }, {
    "id" : 1,
    "isBankrupt" : false,
    "budget" : 122
  }, {
    "id" : 2,
    "isBankrupt" : false,
    "budget" : 461
  }, {
    "id" : 3,
    "isBankrupt" : false,
    "budget" : 300
  }, {
    "id" : 4,
    "isBankrupt" : false,
    "budget" : 232
  }, {
    "id" : 5,
    "isBankrupt" : false,
    "budget" : 193
  }, {
    "id" : 6,
    "isBankrupt" : false,
    "budget" : 219
  } ],
  "distributors" : [ {
    "id" : 0,
    "energyNeededKW" : 1930,
    "contractCost" : 6,
    "budget" : 286,
    "producerStrategy" : "GREEN",
    "isBankrupt" : false,
    "contracts" : [ {
      "consumerId" : 1,
      "price" : 27,
      "remainedContractMonths" : 0
    }, {
      "consumerId" : 2,
      "price" : 16,
      "remainedContractMonths" : 1
    }, {
      "consumerId" : 3,
      "price" : 15,
      "remainedContractMonths" : 2
    }, {
      "consumerId" : 4,
      "price" : 6,
      "remainedContractMonths" : 3
    }, {
      "consumerId" : 5,
      "price" : 12,
      "remainedContractMonths" : 4
    }, {
      "consumerId" : 0,
      "price" : 6,
      "remainedContractMonths" : 5
    }, {
      "consumerId" : 6,
      "price" : 6,
      "remainedContractMonths" : 5
    } ]
  } ],
  "energyProducers" : [ {
    "id" : 0,
    "maxDistributors" : 10,
    "priceKW" : 0.01,
    "energyType" : "WIND",
    "energyPerDistributor" : 4523,
    "monthlyStats" : [ {
      "month" : 1,
      "distributorsIds" : [ 0 ]
    }, {
      "month" : 2,
      "distributorsIds" : [ 0 ]
    }, {
      "month" : 3,
      "distributorsIds" : [ 0 ]
    }, {
      "month" : 4,
      "distributorsIds" : [ 0 ]
    }, {
      "month" : 5,
      "distributorsIds" : [ 0 ]
    }, {
      "month" : 6,
      "distributorsIds" : [ 0 ]
    } ]
  } ]
}